<?xml version="1.0" encoding="UTF-8"?>
<!-- Generated by org.testng.reporters.JUnitReportReporter -->
<testsuite skipped="0" hostname="VISHAL-HP" name="scripts.TestInValidLogin" tests="1" failures="0" timestamp="27 Aug 2018 11:24:10 GMT" time="84.281" errors="0">
  <testcase name="testInValidLogin" time="84.281" classname="scripts.TestInValidLogin"/>
</testsuite> <!-- scripts.TestInValidLogin -->
