<?xml version="1.0" encoding="UTF-8"?>
<!-- Generated by org.testng.reporters.JUnitReportReporter -->
<testsuite skipped="0" hostname="VISHAL-HP" name="scripts.TestInValidLogin" tests="1" failures="0" timestamp="16 Sep 2018 07:07:20 GMT" time="80.456" errors="0">
  <testcase name="testInValidLogin" time="80.456" classname="scripts.TestInValidLogin"/>
</testsuite> <!-- scripts.TestInValidLogin -->
