<?xml version="1.0" encoding="UTF-8"?>
<!-- Generated by org.testng.reporters.JUnitReportReporter -->
<testsuite skipped="0" hostname="VISHAL-HP" name="scripts.VerifyProductVersion" tests="1" failures="0" timestamp="01 Apr 2018 08:50:40 GMT" time="42.284" errors="0">
  <testcase name="testProductVersion" time="42.284" classname="scripts.VerifyProductVersion"/>
</testsuite> <!-- scripts.VerifyProductVersion -->
