<?xml version="1.0" encoding="UTF-8"?>
<!-- Generated by org.testng.reporters.JUnitReportReporter -->
<testsuite skipped="0" hostname="VISHAL-HP" name="scripts.TestValidLogin" tests="1" failures="0" timestamp="14 Sep 2018 12:07:18 GMT" time="26.687" errors="0">
  <testcase name="testValidLogin" time="26.687" classname="scripts.TestValidLogin"/>
</testsuite> <!-- scripts.TestValidLogin -->
