<?xml version="1.0" encoding="UTF-8"?>
<!-- Generated by org.testng.reporters.JUnitReportReporter -->
<testsuite skipped="0" hostname="VISHAL-HP" name="scripts.TestValidLogin" tests="1" failures="0" timestamp="02 Apr 2018 02:32:00 GMT" time="23.314" errors="0">
  <testcase name="testValidLogin" time="23.314" classname="scripts.TestValidLogin"/>
</testsuite> <!-- scripts.TestValidLogin -->
