<?xml version="1.0" encoding="UTF-8"?>
<!-- Generated by org.testng.reporters.JUnitReportReporter -->
<testsuite skipped="0" hostname="VISHAL-HP" name="scripts.TestInValidLogin" tests="1" failures="0" timestamp="01 Apr 2018 08:47:21 GMT" time="86.093" errors="0">
  <testcase name="testInValidLogin" time="86.093" classname="scripts.TestInValidLogin"/>
</testsuite> <!-- scripts.TestInValidLogin -->
