<?xml version="1.0" encoding="UTF-8"?>
<!-- Generated by org.testng.reporters.JUnitReportReporter -->
<testsuite skipped="0" hostname="VISHAL-HP" name="scripts.VerifyProductVersion" tests="1" failures="0" timestamp="16 Sep 2018 07:07:20 GMT" time="44.638" errors="0">
  <testcase name="testProductVersion" time="44.638" classname="scripts.VerifyProductVersion"/>
</testsuite> <!-- scripts.VerifyProductVersion -->
