<?xml version="1.0" encoding="UTF-8"?>
<!-- Generated by org.testng.reporters.JUnitReportReporter -->
<testsuite skipped="0" hostname="VISHAL-HP" name="scripts.TestValidLogin" tests="1" failures="0" timestamp="18 Sep 2018 06:35:18 GMT" time="26.550" errors="0">
  <testcase name="testValidLogin" time="26.550" classname="scripts.TestValidLogin"/>
</testsuite> <!-- scripts.TestValidLogin -->
