<?xml version="1.0" encoding="UTF-8"?>
<!-- Generated by org.testng.reporters.JUnitReportReporter -->
<testsuite skipped="0" hostname="VISHAL-HP" name="scripts.TestValidLogin" tests="1" failures="0" timestamp="19 Sep 2018 07:49:39 GMT" time="40.288" errors="0">
  <testcase name="testValidLogin" time="40.288" classname="scripts.TestValidLogin"/>
</testsuite> <!-- scripts.TestValidLogin -->
